<?xml version="1.0" encoding="UTF-8"?>
<testng-results ignored="0" total="1" passed="1" failed="0" skipped="0">
  <reporter-output>
  </reporter-output>
  <suite started-at="2025-03-21T11:15:40 IST" name="Default suite" finished-at="2025-03-21T11:16:14 IST" duration-ms="34518">
    <groups>
    </groups>
    <test started-at="2025-03-21T11:15:40 IST" name="Default test" finished-at="2025-03-21T11:16:14 IST" duration-ms="34518">
      <class name="testPackage.TC_BuyProduct_003_Test">
        <test-method is-config="true" signature="browserSetUp()[pri:0, instance:testPackage.TC_BuyProduct_003_Test@158d2680]" started-at="2025-03-21T11:15:40 IST" name="browserSetUp" finished-at="2025-03-21T11:15:53 IST" duration-ms="13494" status="PASS">
          <reporter-output>
          </reporter-output>
        </test-method> <!-- browserSetUp -->
        <test-method is-config="true" signature="validLogin()[pri:0, instance:testPackage.TC_BuyProduct_003_Test@158d2680]" started-at="2025-03-21T11:15:53 IST" name="validLogin" finished-at="2025-03-21T11:16:05 IST" duration-ms="11570" status="PASS">
          <reporter-output>
          </reporter-output>
        </test-method> <!-- validLogin -->
        <test-method signature="buyProductMethod()[pri:0, instance:testPackage.TC_BuyProduct_003_Test@158d2680]" started-at="2025-03-21T11:16:05 IST" name="buyProductMethod" finished-at="2025-03-21T11:16:09 IST" duration-ms="4058" status="PASS">
          <reporter-output>
          </reporter-output>
        </test-method> <!-- buyProductMethod -->
        <test-method is-config="true" signature="logout()[pri:0, instance:testPackage.TC_BuyProduct_003_Test@158d2680]" started-at="2025-03-21T11:16:09 IST" name="logout" finished-at="2025-03-21T11:16:14 IST" duration-ms="4805" status="PASS">
          <reporter-output>
          </reporter-output>
        </test-method> <!-- logout -->
        <test-method is-config="true" signature="browserTearDown()[pri:0, instance:testPackage.TC_BuyProduct_003_Test@158d2680]" started-at="2025-03-21T11:16:14 IST" name="browserTearDown" finished-at="2025-03-21T11:16:14 IST" duration-ms="499" status="PASS">
          <reporter-output>
          </reporter-output>
        </test-method> <!-- browserTearDown -->
      </class> <!-- testPackage.TC_BuyProduct_003_Test -->
    </test> <!-- Default test -->
  </suite> <!-- Default suite -->
</testng-results>
